<?xml version="1.0" encoding="UTF-8"?>
<testng-results ignored="0" total="2" passed="2" failed="0" skipped="0">
  <reporter-output>
  </reporter-output>
  <suite started-at="2024-02-20T02:39:31 CST" name="Suite" finished-at="2024-02-20T02:39:37 CST" duration-ms="6457">
    <groups>
    </groups>
    <test started-at="2024-02-20T02:39:31 CST" name="Test" finished-at="2024-02-20T02:39:37 CST" duration-ms="6457">
      <class name="seleniumGrid.RSATest">
        <test-method signature="homePageCheck()[pri:0, instance:seleniumGrid.RSATest@1b11171f]" started-at="2024-02-20T02:39:31 CST" name="homePageCheck" finished-at="2024-02-20T02:39:37 CST" duration-ms="6438" status="PASS">
          <reporter-output>
          </reporter-output>
        </test-method> <!-- homePageCheck -->
      </class> <!-- seleniumGrid.RSATest -->
      <class name="seleniumGrid.GoogleTest">
        <test-method signature="homePageCheck()[pri:0, instance:seleniumGrid.GoogleTest@7bab3f1a]" started-at="2024-02-20T02:39:31 CST" name="homePageCheck" finished-at="2024-02-20T02:39:37 CST" duration-ms="5913" status="PASS">
          <reporter-output>
          </reporter-output>
        </test-method> <!-- homePageCheck -->
      </class> <!-- seleniumGrid.GoogleTest -->
    </test> <!-- Test -->
  </suite> <!-- Suite -->
</testng-results>
